<?xml version="1.0" encoding="UTF-8"?>
<testsuite xmlns:xsi="http://www.w3.org/2001/XMLSchema-instance" xsi:noNamespaceSchemaLocation="https://maven.apache.org/surefire/maven-surefire-plugin/xsd/surefire-test-report-3.0.xsd" version="3.0" name="CalculatorTest" time="0.059" tests="19" errors="0" skipped="0" failures="0">
  <properties>
[...]
</properties>
  <testcase name="testShouldCalculateCompleteExpression" classname="CalculatorTest" time="0.018"/>
  <testcase name="testShouldDividePositiveNumbers" classname="CalculatorTest" time="0.001"/>
  <testcase name="testShouldCalculateRootOfPositiveNumbers" classname="CalculatorTest" time="0.002"/>
  <testcase name="testShouldDivideNegativeNumbers" classname="CalculatorTest" time="0.002"/>
  <testcase name="testShouldCalculatePercentageOfANumber" classname="CalculatorTest" time="0.001"/>
  <testcase name="testShouldCalculateSquareOfPositiveNumbersWithParenthesis" classname="CalculatorTest" time="0.002"/>
  <testcase name="testShouldDivideNegativeAndPositiveNumbers" classname="CalculatorTest" time="0.001"/>
  <testcase name="testShouldMultiplyPositiveNumbers" classname="CalculatorTest" time="0.001"/>
  <testcase name="testShouldMultiplyNegativeNumbers" classname="CalculatorTest" time="0.001"/>
  <testcase name="testShouldSumNegativeAndPositiveNumbers" classname="CalculatorTest" time="0.001"/>
  <testcase name="testShouldCalculateSquareOfNegativeNumbersWithParenthesis" classname="CalculatorTest" time="0.002"/>
  <testcase name="testShouldCalculateSquareOfPositiveNumbers" classname="CalculatorTest" time="0.002"/>
  <testcase name="testShouldThrowsArithmeticExceptionWhenDivisionByZero" classname="CalculatorTest" time="0.002"/>
  <testcase name="testShouldMultiplyNegativeAndPositiveNumbers" classname="CalculatorTest" time="0.001"/>
  <testcase name="testShouldCalculateSquareOfNegativeNumbers" classname="CalculatorTest" time="0.001"/>
  <testcase name="testShouldCalculateSumOfPercentage" classname="CalculatorTest" time="0.002"/>
  <testcase name="testShouldSubtractNumbers" classname="CalculatorTest" time="0.001"/>
  <testcase name="testShouldSumPositiveNumbers" classname="CalculatorTest" time="0.001"/>
  <testcase name="testShouldThrowsArithmeticExceptionWhenCalculatingRootOfNegativeNumbers" classname="CalculatorTest" time="0.001"/>
</testsuite>